<?xml version="1.0" encoding="UTF-8"?>
<!-- Generated by org.testng.reporters.JUnitReportReporter -->
<testsuite skipped="1" hostname="ARCHVDI112" name="com.ArchWay_Regression.tests.AddProgram" tests="2" failures="0" timestamp="28 Jan 2021 14:21:39 GMT" time="0.001" errors="1">
  <testcase name="setUp" time="0.000" classname="com.ArchWay_Regression.tests.AddProgram">
    <error type="java.lang.NullPointerException">
      <![CDATA[java.lang.NullPointerException
	at com.ArchWay_Regression.BaseClass.BaseClass.readPropertiesFile(BaseClass.java:95)
	at com.ArchWay_Regression.BaseClass.BaseClass.setUp(BaseClass.java:47)
	at sun.reflect.NativeMethodAccessorImpl.invoke0(Native Method)
	at sun.reflect.NativeMethodAccessorImpl.invoke(Unknown Source)
	at sun.reflect.DelegatingMethodAccessorImpl.invoke(Unknown Source)
	at java.lang.reflect.Method.invoke(Unknown Source)
	at org.testng.internal.MethodInvocationHelper.invokeMethod(MethodInvocationHelper.java:100)
	at org.testng.internal.Invoker.invokeConfigurationMethod(Invoker.java:515)
	at org.testng.internal.Invoker.invokeConfigurations(Invoker.java:216)
	at org.testng.internal.Invoker.invokeConfigurations(Invoker.java:143)
	at org.testng.SuiteRunner.privateRun(SuiteRunner.java:307)
	at org.testng.SuiteRunner.run(SuiteRunner.java:270)
	at org.testng.SuiteRunnerWorker.runSuite(SuiteRunnerWorker.java:52)
	at org.testng.SuiteRunnerWorker.run(SuiteRunnerWorker.java:86)
	at org.testng.TestNG.runSuitesSequentially(TestNG.java:1284)
	at org.testng.TestNG.runSuitesLocally(TestNG.java:1209)
	at org.testng.TestNG.runSuites(TestNG.java:1124)
	at org.testng.TestNG.run(TestNG.java:1096)
	at org.testng.remote.AbstractRemoteTestNG.run(AbstractRemoteTestNG.java:132)
	at org.testng.remote.RemoteTestNG.initAndRun(RemoteTestNG.java:236)
	at org.testng.remote.RemoteTestNG.main(RemoteTestNG.java:81)
]]>
    </error>
  </testcase> <!-- setUp -->
  <testcase name="TCBundle1" time="0.001" classname="com.ArchWay_Regression.tests.AddProgram">
    <skipped/>
  </testcase> <!-- TCBundle1 -->
</testsuite> <!-- com.ArchWay_Regression.tests.AddProgram -->
